0 info it worked if it ends with ok
1 verbose cli [ '/usr/local/bin/node',
1 verbose cli   '/usr/local/bin/npm',
1 verbose cli   'run',
1 verbose cli   '--prefix',
1 verbose cli   'source/js',
1 verbose cli   'build' ]
2 info using npm@4.1.1
3 info using node@v7.0.0
4 verbose stack Error: Failed to parse json
4 verbose stack Unexpected token 'b' at 9:6
4 verbose stack     "babel-core": "^6.22.1",
4 verbose stack      ^
4 verbose stack     at parseError (/usr/local/lib/node_modules/npm/node_modules/read-package-json/read-json.js:390:11)
4 verbose stack     at parseJson (/usr/local/lib/node_modules/npm/node_modules/read-package-json/read-json.js:79:23)
4 verbose stack     at /usr/local/lib/node_modules/npm/node_modules/read-package-json/read-json.js:48:5
4 verbose stack     at /usr/local/lib/node_modules/npm/node_modules/graceful-fs/graceful-fs.js:78:16
4 verbose stack     at tryToString (fs.js:425:3)
4 verbose stack     at FSReqWrap.readFileAfterClose [as oncomplete] (fs.js:412:12)
5 verbose cwd /Users/logansmcansh/Library/Mobile Documents/com~apple~CloudDocs/BROWSER EXTENSIONS/unsplash-new-tab
6 error Darwin 16.5.0
7 error argv "/usr/local/bin/node" "/usr/local/bin/npm" "run" "--prefix" "source/js" "build"
8 error node v7.0.0
9 error npm  v4.1.1
10 error file /Users/logansmcansh/Library/Mobile Documents/com~apple~CloudDocs/BROWSER EXTENSIONS/unsplash-new-tab/source/js/package.json
11 error code EJSONPARSE
12 error Failed to parse json
12 error Unexpected token 'b' at 9:6
12 error     "babel-core": "^6.22.1",
12 error      ^
13 error File: /Users/logansmcansh/Library/Mobile Documents/com~apple~CloudDocs/BROWSER EXTENSIONS/unsplash-new-tab/source/js/package.json
14 error Failed to parse package.json data.
14 error package.json must be actual JSON, not just JavaScript.
14 error
14 error This is not a bug in npm.
14 error Tell the package author to fix their package.json file. JSON.parse
15 verbose exit [ 1, true ]
